<?xml version="1.0" encoding="utf-8"?><testsuites name="pytest tests"><testsuite name="pytest" errors="0" failures="0" skipped="0" tests="30" time="3.350" timestamp="2026-05-30T07:54:36.693546+00:00" hostname="agent-env-5887cc3d-759b-4813-9e1f-65bb94d71a0d"><testcase classname="backend.tests.test_sparsh_api.TestPublicContent" name="test_services_list" time="0.196" /><testcase classname="backend.tests.test_sparsh_api.TestPublicContent" name="test_service_detail_known_slug" time="0.090" /><testcase classname="backend.tests.test_sparsh_api.TestPublicContent" name="test_service_detail_garbh_sanskar" time="0.042" /><testcase classname="backend.tests.test_sparsh_api.TestPublicContent" name="test_service_detail_404" time="0.044" /><testcase classname="backend.tests.test_sparsh_api.TestPublicContent" name="test_blogs_list" time="0.043" /><testcase classname="backend.tests.test_sparsh_api.TestPublicContent" name="test_blogs_category_filter" time="0.087" /><testcase classname="backend.tests.test_sparsh_api.TestPublicContent" name="test_blogs_search" time="0.127" /><testcase classname="backend.tests.test_sparsh_api.TestPublicContent" name="test_blog_detail_with_related" time="0.129" /><testcase classname="backend.tests.test_sparsh_api.TestPublicContent" name="test_testimonials" time="0.046" /><testcase classname="backend.tests.test_sparsh_api.TestPublicContent" name="test_faqs" time="0.043" /><testcase classname="backend.tests.test_sparsh_api.TestPublicContent" name="test_gallery" time="0.042" /><testcase classname="backend.tests.test_sparsh_api.TestPublicContent" name="test_gallery_category_filter" time="0.092" /><testcase classname="backend.tests.test_sparsh_api.TestPublicContent" name="test_media_hero" time="0.104" /><testcase classname="backend.tests.test_sparsh_api.TestForms" name="test_inquiry_submission" time="0.056" /><testcase classname="backend.tests.test_sparsh_api.TestForms" name="test_booking_submission" time="0.055" /><testcase classname="backend.tests.test_sparsh_api.TestForms" name="test_newsletter_idempotent" time="0.131" /><testcase classname="backend.tests.test_sparsh_api.TestAuth" name="test_login_valid" time="0.266" /><testcase classname="backend.tests.test_sparsh_api.TestAuth" name="test_login_invalid" time="0.264" /><testcase classname="backend.tests.test_sparsh_api.TestAuth" name="test_me_with_token" time="0.308" /><testcase classname="backend.tests.test_sparsh_api.TestAuth" name="test_me_without_token" time="0.134" /><testcase classname="backend.tests.test_sparsh_api.TestAuth" name="test_logout" time="0.045" /><testcase classname="backend.tests.test_sparsh_api.TestAdmin" name="test_stats_requires_auth" time="0.132" /><testcase classname="backend.tests.test_sparsh_api.TestAdmin" name="test_stats_with_auth" time="0.048" /><testcase classname="backend.tests.test_sparsh_api.TestAdmin" name="test_admin_inquiries" time="0.043" /><testcase classname="backend.tests.test_sparsh_api.TestAdmin" name="test_admin_bookings" time="0.075" /><testcase classname="backend.tests.test_sparsh_api.TestAdmin" name="test_admin_newsletter" time="0.042" /><testcase classname="backend.tests.test_sparsh_api.TestAdmin" name="test_patch_inquiry_status" time="0.216" /><testcase classname="backend.tests.test_sparsh_api.TestAdmin" name="test_patch_booking_status" time="0.126" /><testcase classname="backend.tests.test_sparsh_api.TestAdmin" name="test_generic_crud_testimonial" time="0.126" /><testcase classname="backend.tests.test_sparsh_api.TestAdmin" name="test_generic_crud_unknown_collection" time="0.044" /></testsuite></testsuites>